[18:25:53] [main/INFO]: Loading for game Minecraft 1.17
[18:25:53] [main/INFO]: [FabricLoader] Loading 49 mods: fabric-renderer-api-v1@0.4.2+a02b4463d5, fabric-keybindings-v0@0.2.2+36b77c3ed5, fabricloader@0.11.3, fabric-structure-api-v1@1.1.10+be9da310d5, fabric-containers-v0@0.1.12+a02b4463d5, fabric-object-builder-api-v1@1.10.9+b7ab6121d5, fabric-dimensions-v1@2.0.10+a02b4463d5, java@16, fabric-game-rule-api-v1@1.0.6+a02b4463d5, fabric-api-base@0.3.0+a02b4463d5, fabric-rendering-data-attachment-v1@0.1.5+a02b4463d5, fabric-textures-v0@1.0.6+a02b4463d5, fabric-rendering-fluids-v1@0.1.13+a02b4463d5, fabric-blockrenderlayer-v1@1.1.5+a02b4463d5, fabric-lifecycle-events-v1@1.4.4+a02b4463d5, fabric-renderer-registries-v1@3.2.0+a02b4463d5, fabric-loot-tables-v1@1.0.4+a02b4463d5, fabric@0.34.9+1.17, stat_check@1.0.0, fabric-particles-v1@0.2.4+a02b4463d5, fabric-networking-v0@0.3.2+92519afad5, flytre_lib@0.2.17, fabric-api-lookup-api-v1@1.0.2+a02b4463d5, fabric-networking-blockentity-v0@0.2.11+a02b4463d5, minecraft@1.17, fabric-screen-handler-api-v1@1.1.8+a02b4463d5, fabric-command-api-v1@1.1.1+a02b4463d5, fabric-screen-api-v1@1.0.3+b7ab6121d5, fabric-tool-attribute-api-v1@1.2.12+b7ab6121d5, fabric-renderer-indigo@0.4.8+a02b4463d5, fabric-item-api-v1@1.2.4+a02b4463d5, fabric-events-interaction-v0@0.4.8+a02b4463d5, fabric-crash-report-info-v1@0.1.5+be9da310d5, fabric-entity-events-v1@1.1.0+a02b4463d5, fabric-rendering-v0@1.1.2+92519afad5, fabric-rendering-v1@1.6.0+a02b4463d5, fabric-key-binding-api-v1@1.0.4+a02b4463d5, fabric-resource-loader-v0@0.4.7+b7ab6121d5, fabric-content-registries-v0@0.2.2+a02b4463d5, fabric-tag-extensions-v0@1.1.4+a02b4463d5, fabric-biome-api-v1@3.1.11+9e521e13d5, fabric-registry-sync-v0@0.7.9+a02b4463d5, fabric-commands-v0@0.2.2+92519afad5, fabric-mining-levels-v0@0.1.3+92519afad5, fabric-networking-api-v1@1.0.11+b7ab6121d5, fabric-events-lifecycle-v0@0.2.1+92519afad5, fabric-models-v0@0.3.0+a02b4463d5, fabric-item-groups-v0@0.2.10+b7ab6121d5, fabric-object-builders-v0@0.7.3+a02b4463d5
[18:25:54] [main/INFO]: SpongePowered MIXIN Subsystem Version=0.8.2 Source=file:/Users/aaron/.gradle/caches/modules-2/files-2.1/net.fabricmc/sponge-mixin/0.9.2+mixin.0.8.2/12c437eebf031967eaa7daad861e115932772cc7/sponge-mixin-0.9.2+mixin.0.8.2.jar Service=Knot/Fabric Env=CLIENT
[18:25:54] [main/INFO]: Loaded Fabric development mappings for mixin remapper!
[18:25:54] [main/WARN]: The requested compatibility level JAVA_16 is higher than the level supported by the active subsystem 'Knot/Fabric' which supports JAVA_14. This is not a supported configuration and instability may occur.
[18:25:54] [main/INFO]: Compatibility level set to JAVA_16
[18:25:54] [main/INFO]: Attempting to load Hot-Swap agent
[18:25:54] [main/INFO]: Attempting to load Fernflower decompiler (Threaded mode)
[18:25:54] [main/INFO]: Fernflower could not be loaded, exported classes will not be decompiled. NoClassDefFoundError: org/jetbrains/java/decompiler/main/extern/IResultSaver
[18:25:54] [main/INFO]: Remapping refMap fabric-networking-blockentity-v0-refmap.json using remapper chain
[18:25:54] [main/INFO]: Remapping refMap fabric-screen-handler-api-v1-refmap.json using remapper chain
[18:25:54] [main/INFO]: Remapping refMap fabric-lifecycle-events-v1-refmap.json using remapper chain
[18:25:54] [main/INFO]: Remapping refMap fabric-containers-v0-refmap.json using remapper chain
[18:25:54] [main/INFO]: Remapping refMap fabric-rendering-data-attachment-v1-refmap.json using remapper chain
[18:25:54] [main/INFO]: Remapping refMap fabric-renderer-indigo-refmap.json using remapper chain
[18:25:54] [main/INFO]: Remapping refMap fabric-structure-api-v1-refmap.json using remapper chain
[18:25:54] [main/INFO]: Remapping refMap fabric-item-api-v1-refmap.json using remapper chain
[18:25:54] [main/INFO]: Remapping refMap fabric-events-interaction-v0-refmap.json using remapper chain
[18:25:54] [main/INFO]: Remapping refMap fabric-loot-tables-v1-refmap.json using remapper chain
[18:25:54] [main/INFO]: Remapping refMap fabric-object-builder-api-v1-refmap.json using remapper chain
[18:25:54] [main/INFO]: Remapping refMap fabric-screen-api-v1-refmap.json using remapper chain
[18:25:54] [main/INFO]: Remapping refMap fabric-dimensions-v1-refmap.json using remapper chain
[18:25:54] [main/INFO]: Remapping refMap fabric-renderer-registries-v1-refmap.json using remapper chain
[18:25:54] [main/INFO]: Remapping refMap fabric-textures-v0-refmap.json using remapper chain
[18:25:54] [main/INFO]: Remapping refMap fabric-registry-sync-v0-refmap.json using remapper chain
[18:25:54] [main/INFO]: Remapping refMap fabric-models-v0-refmap.json using remapper chain
[18:25:54] [main/INFO]: Remapping refMap fabric-blockrenderlayer-v1-refmap.json using remapper chain
[18:25:54] [main/INFO]: Remapping refMap fabric-renderer-api-v1-refmap.json using remapper chain
[18:25:54] [main/INFO]: Remapping refMap fabric-containers-v0-refmap.json using remapper chain
[18:25:54] [main/INFO]: Remapping refMap fabric-rendering-fluids-v1-refmap.json using remapper chain
[18:25:54] [main/INFO]: Remapping refMap fabric-biome-api-v1-refmap.json using remapper chain
[18:25:54] [main/INFO]: Remapping refMap fabric-resource-loader-v0-refmap.json using remapper chain
[18:25:54] [main/INFO]: Remapping refMap fabric-game-rule-api-v1-refmap.json using remapper chain
[18:25:54] [main/INFO]: Remapping refMap fabric-networking-api-v1-refmap.json using remapper chain
[18:25:54] [main/INFO]: Remapping refMap fabric-particles-v1-refmap.json using remapper chain
[18:25:54] [main/INFO]: Remapping refMap fabric-object-builders-refmap.json using remapper chain
[18:25:54] [main/INFO]: Remapping refMap fabric-tag-extensions-v0-refmap.json using remapper chain
[18:25:54] [main/INFO]: Remapping refMap fabric-tool-attribute-api-v1-refmap.json using remapper chain
[18:25:54] [main/INFO]: Remapping refMap fabric-rendering-v1-refmap.json using remapper chain
[18:25:54] [main/INFO]: Remapping refMap fabric-item-groups-v0-refmap.json using remapper chain
[18:25:54] [main/INFO]: Remapping refMap fabric-content-registries-v0-refmap.json using remapper chain
[18:25:54] [main/INFO]: Remapping refMap fabric-api-lookup-api-v1-refmap.json using remapper chain
[18:25:54] [main/INFO]: Remapping refMap fabric-command-api-v1-refmap.json using remapper chain
[18:25:54] [main/INFO]: Remapping refMap fabric-crash-report-info-v1-refmap.json using remapper chain
[18:25:54] [main/INFO]: Remapping refMap fabric-entity-events-v1-refmap.json using remapper chain
[18:25:54] [main/INFO]: Remapping refMap fabric-key-binding-api-v1-refmap.json using remapper chain
[18:25:54] [main/INFO]: Remapping refMap fabric-renderer-api-v1-refmap.json using remapper chain
[18:25:54] [main/INFO]: Remapping refMap flytre_lib-1.17-refmap.json using remapper chain
[18:25:54] [main/WARN]: @Mixin target net/minecraft/server/world/ServerWorld$ServerEntityHandler is public in fabric-lifecycle-events-v1.mixins.json:ServerWorldEntityLoaderMixin and should be specified in value
[18:25:54] [main/WARN]: @Mixin target net/minecraft/client/world/ClientWorld$ClientEntityHandler is public in fabric-lifecycle-events-v1.mixins.json:client.ClientWorldEntityLoaderMixin and should be specified in value
[18:25:54] [main/WARN]: @Mixin target net/minecraft/client/render/block/BlockModelRenderer$AmbientOcclusionCalculator is public in fabric-renderer-indigo.mixins.json:MixinAmbientOcclusionCalculator and should be specified in value
[18:25:54] [main/WARN]: @Mixin target net/minecraft/client/render/chunk/ChunkBuilder$BuiltChunk$RebuildTask is public in fabric-renderer-indigo.mixins.json:MixinChunkRebuildTask and should be specified in value
[18:25:54] [main/WARN]: @Mixin target net/minecraft/server/network/ServerPlayNetworkHandler$1 is public in fabric-events-interaction-v0.mixins.json:MixinServerPlayNetworkHandler and should be specified in value
[18:25:54] [main/WARN]: @Mixin target net/minecraft/village/TradeOffers$TypeAwareBuyForOneEmeraldFactory is public in fabric-object-builder-v1.mixins.json:TypeAwareTradeMixin and should be specified in value
[18:25:55] [main/WARN]: @Mixin target net/minecraft/client/font/FontManager$1 is public in fabric-resource-loader-v0.mixins.json:client.FontManagerResourceReloadListenerMixin and should be specified in value
[18:25:55] [main/WARN]: @Mixin target net/minecraft/server/command/GameRuleCommand$1 is public in fabric-game-rule-api-v1.mixins.json:GameRuleCommandVisitorMixin and should be specified in value
[18:25:55] [main/WARN]: @Mixin target net/minecraft/client/gui/screen/world/EditGameRulesScreen$RuleListWidget$1 is public in fabric-game-rule-api-v1.mixins.json:client.RuleListWidgetVisitorMixin and should be specified in value
[18:25:55] [main/WARN]: @Mixin target net/minecraft/server/world/ThreadedAnvilChunkStorage$EntityTracker is public in fabric-networking-api-v1.mixins.json:accessor.EntityTrackerAccessor and should be specified in value
[18:25:55] [main/WARN]: @Mixin target net/minecraft/client/particle/ParticleManager$SimpleSpriteProvider is public in fabric-particles-v1.mixins.json:ParticleManagerAccessor$SimpleSpriteProviderAccessor and should be specified in value
[18:25:55] [main/WARN]: @Mixin target net/minecraft/data/server/AbstractTagProvider$ObjectBuilder is public in fabric-tag-extensions-v0.mixins.json:MixinObjectBuilder and should be specified in value
[18:25:55] [main/WARN]: @Mixin target net/minecraft/tag/RequiredTagList$TagWrapper is public in fabric-tag-extensions-v0.mixins.json:MixinTagImpl and should be specified in value
[18:25:56] [main/WARN]: Configuration conflict: there is more than one oshi.properties file on the classpath
[18:25:56] [main/WARN]: Configuration conflict: there is more than one oshi.architecture.properties file on the classpath
[18:26:02] [Render thread/INFO]: Environment: authHost='https://authserver.mojang.com', accountsHost='https://api.mojang.com', sessionHost='https://sessionserver.mojang.com', servicesHost='https://api.minecraftservices.com', name='PROD'
[18:26:02] [Render thread/ERROR]: Failed to verify authentication
com.mojang.authlib.exceptions.InvalidCredentialsException: Status: 401
	at com.mojang.authlib.exceptions.MinecraftClientHttpException.toAuthenticationException(MinecraftClientHttpException.java:56) ~[authlib-2.3.31.jar:?]
	at com.mojang.authlib.yggdrasil.YggdrasilSocialInteractionsService.checkPrivileges(YggdrasilSocialInteractionsService.java:112) ~[authlib-2.3.31.jar:?]
	at com.mojang.authlib.yggdrasil.YggdrasilSocialInteractionsService.<init>(YggdrasilSocialInteractionsService.java:42) ~[authlib-2.3.31.jar:?]
	at com.mojang.authlib.yggdrasil.YggdrasilAuthenticationService.createSocialInteractionsService(YggdrasilAuthenticationService.java:151) ~[authlib-2.3.31.jar:?]
	at net.minecraft.client.MinecraftClient.createSocialInteractionsService(MinecraftClient.java:683) [minecraft-1.17-mapped-net.fabricmc.yarn-1.17+build.1-v2.jar:?]
	at net.minecraft.client.MinecraftClient.<init>(MinecraftClient.java:496) [minecraft-1.17-mapped-net.fabricmc.yarn-1.17+build.1-v2.jar:?]
	at net.minecraft.client.main.Main.main(Main.java:153) [minecraft-1.17-mapped-net.fabricmc.yarn-1.17+build.1-v2.jar:?]
	at jdk.internal.reflect.NativeMethodAccessorImpl.invoke0(Native Method) ~[?:?]
	at jdk.internal.reflect.NativeMethodAccessorImpl.invoke(NativeMethodAccessorImpl.java:78) ~[?:?]
	at jdk.internal.reflect.DelegatingMethodAccessorImpl.invoke(DelegatingMethodAccessorImpl.java:43) ~[?:?]
	at java.lang.reflect.Method.invoke(Method.java:567) ~[?:?]
	at net.fabricmc.loader.game.MinecraftGameProvider.launch(MinecraftGameProvider.java:226) [fabric-loader-0.11.3.jar:?]
	at net.fabricmc.loader.launch.knot.Knot.launch(Knot.java:146) [fabric-loader-0.11.3.jar:?]
	at net.fabricmc.loader.launch.knot.KnotClient.main(KnotClient.java:28) [fabric-loader-0.11.3.jar:?]
	at net.fabricmc.devlaunchinjector.Main.main(Main.java:86) [dev-launch-injector-0.2.1+build.8.jar:?]
Caused by: com.mojang.authlib.exceptions.MinecraftClientHttpException: Status: 401
	at com.mojang.authlib.minecraft.client.MinecraftClient.readInputStream(MinecraftClient.java:77) ~[authlib-2.3.31.jar:?]
	at com.mojang.authlib.minecraft.client.MinecraftClient.get(MinecraftClient.java:47) ~[authlib-2.3.31.jar:?]
	at com.mojang.authlib.yggdrasil.YggdrasilSocialInteractionsService.checkPrivileges(YggdrasilSocialInteractionsService.java:104) ~[authlib-2.3.31.jar:?]
	... 13 more
[18:26:02] [Render thread/INFO]: Setting user: Player386
[18:26:03] [Render thread/WARN]: @Inject(@At("INVOKE")) Shift.BY=3 on fabric-lifecycle-events-v1.mixins.json:client.WorldChunkMixin::handler$zzn000$onLoadBlockEntity exceeds the maximum allowed value: 0. Increase the value of maxShiftBy to suppress this warning.
[18:26:03] [Render thread/INFO]: [STDOUT]: Hello Fabric world!
[18:26:03] [Render thread/INFO]: [Indigo] Registering Indigo renderer!
[18:26:03] [Render thread/INFO]: Backend library: LWJGL version 3.2.1 build 12
[18:26:06] [Render thread/INFO]: Reloading ResourceManager: Default, Fabric Mods (Fabric Renderer API (v1), Fabric Key Bindings (v0), Fabric Loader, Fabric Structure API (v1), Fabric Containers (v0), Fabric Object Builder API (v1), Fabric Dimensions API (v1), Fabric Game Rule API (v1), Fabric API Base, Fabric Rendering Data Attachment (v1), Fabric Textures (v0), Fabric Rendering Fluids (v1), Fabric BlockRenderLayer Registration (v1), Fabric Lifecycle Events (v1), Fabric Renderer Registries (v1), Fabric Loot Tables (v1), Fabric API, Stat Check, Fabric Particles (v1), Fabric Networking (v0), FlytreLib, Fabric API Lookup API (v1), Fabric Networking Block Entity (v0), Fabric Screen Handler API (v1), Fabric Command API (v1), Fabric Screen API (v1), Fabric Tool Attribute API (v1), Fabric Renderer - Indigo, Fabric Item API (v1), Fabric Events Interaction (v0), Fabric Crash Report Info (v1), Fabric Entity Events (v1), Fabric Rendering (v0), Fabric Rendering (v1), Fabric Key Binding API (v1), Fabric Resource Loader (v0), Fabric Content Registries (v0), Fabric Tag Extensions (v0), Fabric Biome API (v1), Fabric Registry Sync (v0), Fabric Commands (v0), Fabric Mining Levels (v0), Fabric Networking API (v1), Fabric Events Lifecycle (v0), Fabric Models (v0), Fabric Item Groups (v0), Fabric Object Builders (v0))
[18:26:06] [Realms Notification Availability checker #1/INFO]: Could not authorize you against Realms server: Invalid session id
[18:26:19] [Render thread/INFO]: OpenAL initialized.
[18:26:19] [Render thread/INFO]: Sound engine started
[18:26:21] [Render thread/INFO]: Created: 1024x1024x4 minecraft:textures/atlas/blocks.png-atlas
[18:26:21] [Render thread/INFO]: Created: 256x128x4 minecraft:textures/atlas/signs.png-atlas
[18:26:21] [Render thread/INFO]: Created: 1024x512x4 minecraft:textures/atlas/banner_patterns.png-atlas
[18:26:21] [Render thread/INFO]: Created: 1024x512x4 minecraft:textures/atlas/shield_patterns.png-atlas
[18:26:21] [Render thread/INFO]: Created: 256x256x4 minecraft:textures/atlas/chest.png-atlas
[18:26:21] [Render thread/INFO]: Created: 512x256x4 minecraft:textures/atlas/beds.png-atlas
[18:26:21] [Render thread/INFO]: Created: 512x256x4 minecraft:textures/atlas/shulker_boxes.png-atlas
[18:26:26] [Render thread/INFO]: Created: 256x256x0 minecraft:textures/atlas/particles.png-atlas
[18:26:26] [Render thread/INFO]: Created: 256x256x0 minecraft:textures/atlas/paintings.png-atlas
[18:26:26] [Render thread/INFO]: Created: 256x128x0 minecraft:textures/atlas/mob_effects.png-atlas
[18:27:00] [Render thread/INFO]: Applied 0 biome modifications to 0 of 81 new biomes in 2.621 ms
[18:27:00] [Render thread/WARN]: Ambiguity between arguments [teleport, location] and [teleport, destination] with inputs: [0.1 -0.5 .9, 0 0 0]
[18:27:00] [Render thread/WARN]: Ambiguity between arguments [teleport, location] and [teleport, targets] with inputs: [0.1 -0.5 .9, 0 0 0]
[18:27:00] [Render thread/WARN]: Ambiguity between arguments [teleport, destination] and [teleport, targets] with inputs: [Player, 0123, @e, dd12be42-52a9-4a91-a8a1-11c01849e498]
[18:27:00] [Render thread/WARN]: Ambiguity between arguments [teleport, targets] and [teleport, destination] with inputs: [Player, 0123, dd12be42-52a9-4a91-a8a1-11c01849e498]
[18:27:00] [Render thread/WARN]: Ambiguity between arguments [teleport, targets, location] and [teleport, targets, destination] with inputs: [0.1 -0.5 .9, 0 0 0]
[18:27:00] [Render thread/INFO]: Reloading ResourceManager: Default, Fabric Mods (Fabric Tool Attribute API (v1))
[18:27:01] [Render thread/INFO]: Loaded 7 recipes
[18:27:01] [Render thread/INFO]: Loaded 1137 advancements
[18:27:02] [Render thread/INFO]: Environment: authHost='https://authserver.mojang.com', accountsHost='https://api.mojang.com', sessionHost='https://sessionserver.mojang.com', servicesHost='https://api.minecraftservices.com', name='PROD'
[18:27:02] [Server thread/INFO]: Starting integrated minecraft server version 1.17
[18:27:02] [Server thread/INFO]: Generating keypair
[18:27:02] [Server thread/INFO]: Preparing start region for dimension minecraft:overworld
[18:27:03] [Render thread/INFO]: Preparing spawn area: 0%
[18:27:03] [Render thread/INFO]: Preparing spawn area: 0%
[18:27:03] [Render thread/INFO]: Preparing spawn area: 4%
[18:27:04] [Render thread/INFO]: Preparing spawn area: 21%
[18:27:05] [Render thread/INFO]: Preparing spawn area: 74%
[18:27:05] [Render thread/INFO]: Time elapsed: 2527 ms
[18:27:05] [Server thread/INFO]: Changing view distance to 11, from 10
[18:27:06] [Server thread/INFO]: Player386[local:E:f02bb9b6] logged in with entity id 103 at (107.30524741780985, 4.0, -33.920837789598224)
[18:27:06] [Server thread/INFO]: Player386 joined the game
[18:27:06] [Netty Local Client IO #0/INFO]: Applied 0 biome modifications to 0 of 81 new biomes in 351.4 μs
[18:27:06] [Server thread/INFO]: Saving and pausing game...
[18:27:06] [Server thread/INFO]: Saving chunks for level 'ServerLevel[New World]'/minecraft:overworld
[18:27:07] [Render thread/INFO]: Loaded 21 advancements
[18:27:07] [Server thread/INFO]: Saving chunks for level 'ServerLevel[New World]'/minecraft:the_nether
[18:27:07] [Server thread/INFO]: Saving chunks for level 'ServerLevel[New World]'/minecraft:the_end
[18:27:15] [Render thread/INFO]: Loaded 23 advancements
[18:27:52] [Server thread/INFO]: Saving and pausing game...
[18:27:52] [Server thread/INFO]: Saving chunks for level 'ServerLevel[New World]'/minecraft:overworld
[18:27:52] [Server thread/INFO]: Saving chunks for level 'ServerLevel[New World]'/minecraft:the_nether
[18:27:52] [Server thread/INFO]: Saving chunks for level 'ServerLevel[New World]'/minecraft:the_end
[18:28:07] [Server thread/INFO]: Saving and pausing game...
[18:28:07] [Server thread/INFO]: Saving chunks for level 'ServerLevel[New World]'/minecraft:overworld
[18:28:07] [Server thread/INFO]: Saving chunks for level 'ServerLevel[New World]'/minecraft:the_nether
[18:28:07] [Server thread/INFO]: Saving chunks for level 'ServerLevel[New World]'/minecraft:the_end
[18:28:34] [Server thread/INFO]: Saving and pausing game...
[18:28:34] [Server thread/INFO]: Saving chunks for level 'ServerLevel[New World]'/minecraft:overworld
[18:28:34] [Server thread/INFO]: Saving chunks for level 'ServerLevel[New World]'/minecraft:the_nether
[18:28:34] [Server thread/INFO]: Saving chunks for level 'ServerLevel[New World]'/minecraft:the_end
[18:29:26] [Server thread/INFO]: Saving and pausing game...
[18:29:26] [Server thread/INFO]: Saving chunks for level 'ServerLevel[New World]'/minecraft:overworld
[18:29:26] [Server thread/INFO]: Saving chunks for level 'ServerLevel[New World]'/minecraft:the_nether
[18:29:26] [Server thread/INFO]: Saving chunks for level 'ServerLevel[New World]'/minecraft:the_end
[18:29:28] [Server thread/INFO]: Player386 lost connection: Disconnected
[18:29:28] [Server thread/INFO]: Player386 left the game
[18:29:28] [Server thread/INFO]: Stopping singleplayer server as player logged out
[18:29:28] [Server thread/INFO]: Stopping server
[18:29:28] [Server thread/INFO]: Saving players
[18:29:28] [Server thread/INFO]: Saving worlds
[18:29:28] [Server thread/INFO]: Saving chunks for level 'ServerLevel[New World]'/minecraft:overworld
[18:29:29] [Server thread/INFO]: ThreadedAnvilChunkStorage (New World): All chunks are saved
[18:29:29] [Server thread/INFO]: Saving chunks for level 'ServerLevel[New World]'/minecraft:the_nether
[18:29:29] [Server thread/INFO]: ThreadedAnvilChunkStorage (DIM-1): All chunks are saved
[18:29:29] [Server thread/INFO]: Saving chunks for level 'ServerLevel[New World]'/minecraft:the_end
[18:29:29] [Server thread/INFO]: ThreadedAnvilChunkStorage (DIM1): All chunks are saved
[18:29:29] [Server thread/INFO]: ThreadedAnvilChunkStorage (New World): All chunks are saved
[18:29:30] [Server thread/INFO]: ThreadedAnvilChunkStorage (DIM-1): All chunks are saved
[18:29:30] [Server thread/INFO]: ThreadedAnvilChunkStorage (DIM1): All chunks are saved
[18:29:31] [Render thread/INFO]: Stopping!
